[2025-05-31 22:44:53:4453] [31MERROR[39M
[31muncaughtException: Cannot find module 'speakeasy'[39m
[31mRequire stack:[39m
[31m- /Users/anurag/Downloads/codestream/backend/routes/auth/2fa.js[39m
[31m- /Users/anurag/Downloads/codestream/backend/routes/auth.js[39m
[31m- /Users/anurag/Downloads/codestream/backend/index.js[39m
[31mError: Cannot find module 'speakeasy'[39m
[31mRequire stack:[39m
[31m- /Users/anurag/Downloads/codestream/backend/routes/auth/2fa.js[39m
[31m- /Users/anurag/Downloads/codestream/backend/routes/auth.js[39m
[31m- /Users/anurag/Downloads/codestream/backend/index.js[39m
[31m    at Function._resolveFilename (node:internal/modules/cjs/loader:1405:15)[39m
[31m    at defaultResolveImpl (node:internal/modules/cjs/loader:1061:19)[39m
[31m    at resolveForCJSWithHooks (node:internal/modules/cjs/loader:1066:22)[39m
[31m    at Function._load (node:internal/modules/cjs/loader:1215:37)[39m
[31m    at TracingChannel.traceSync (node:diagnostics_channel:322:14)[39m
[31m    at wrapModuleLoad (node:internal/modules/cjs/loader:235:24)[39m
[31m    at Module.require (node:internal/modules/cjs/loader:1491:12)[39m
[31m    at require (node:internal/modules/helpers:135:16)[39m
[31m    at Object.<anonymous> (/Users/anurag/Downloads/codestream/backend/routes/auth/2fa.js:7:19)[39m
[31m    at Module._compile (node:internal/modules/cjs/loader:1734:14)[39m

Error: Cannot find module 'speakeasy'
Require stack:
- /Users/anurag/Downloads/codestream/backend/routes/auth/2fa.js
- /Users/anurag/Downloads/codestream/backend/routes/auth.js
- /Users/anurag/Downloads/codestream/backend/index.js
Stack:
Error: Cannot find module 'speakeasy'
Require stack:
- /Users/anurag/Downloads/codestream/backend/routes/auth/2fa.js
- /Users/anurag/Downloads/codestream/backend/routes/auth.js
- /Users/anurag/Downloads/codestream/backend/index.js
    at Function._resolveFilename (node:internal/modules/cjs/loader:1405:15)
    at defaultResolveImpl (node:internal/modules/cjs/loader:1061:19)
    at resolveForCJSWithHooks (node:internal/modules/cjs/loader:1066:22)
    at Function._load (node:internal/modules/cjs/loader:1215:37)
    at TracingChannel.traceSync (node:diagnostics_channel:322:14)
    at wrapModuleLoad (node:internal/modules/cjs/loader:235:24)
    at Module.require (node:internal/modules/cjs/loader:1491:12)
    at require (node:internal/modules/helpers:135:16)
    at Object.<anonymous> (/Users/anurag/Downloads/codestream/backend/routes/auth/2fa.js:7:19)
    at Module._compile (node:internal/modules/cjs/loader:1734:14)
[2025-05-31 22:44:57:4457] [31MERROR[39M
[31muncaughtException: Cannot find module 'speakeasy'[39m
[31mRequire stack:[39m
[31m- /Users/anurag/Downloads/codestream/backend/routes/auth/2fa.js[39m
[31m- /Users/anurag/Downloads/codestream/backend/routes/auth.js[39m
[31m- /Users/anurag/Downloads/codestream/backend/index.js[39m
[31mError: Cannot find module 'speakeasy'[39m
[31mRequire stack:[39m
[31m- /Users/anurag/Downloads/codestream/backend/routes/auth/2fa.js[39m
[31m- /Users/anurag/Downloads/codestream/backend/routes/auth.js[39m
[31m- /Users/anurag/Downloads/codestream/backend/index.js[39m
[31m    at Function._resolveFilename (node:internal/modules/cjs/loader:1405:15)[39m
[31m    at defaultResolveImpl (node:internal/modules/cjs/loader:1061:19)[39m
[31m    at resolveForCJSWithHooks (node:internal/modules/cjs/loader:1066:22)[39m
[31m    at Function._load (node:internal/modules/cjs/loader:1215:37)[39m
[31m    at TracingChannel.traceSync (node:diagnostics_channel:322:14)[39m
[31m    at wrapModuleLoad (node:internal/modules/cjs/loader:235:24)[39m
[31m    at Module.require (node:internal/modules/cjs/loader:1491:12)[39m
[31m    at require (node:internal/modules/helpers:135:16)[39m
[31m    at Object.<anonymous> (/Users/anurag/Downloads/codestream/backend/routes/auth/2fa.js:7:19)[39m
[31m    at Module._compile (node:internal/modules/cjs/loader:1734:14)[39m

Error: Cannot find module 'speakeasy'
Require stack:
- /Users/anurag/Downloads/codestream/backend/routes/auth/2fa.js
- /Users/anurag/Downloads/codestream/backend/routes/auth.js
- /Users/anurag/Downloads/codestream/backend/index.js
Stack:
Error: Cannot find module 'speakeasy'
Require stack:
- /Users/anurag/Downloads/codestream/backend/routes/auth/2fa.js
- /Users/anurag/Downloads/codestream/backend/routes/auth.js
- /Users/anurag/Downloads/codestream/backend/index.js
    at Function._resolveFilename (node:internal/modules/cjs/loader:1405:15)
    at defaultResolveImpl (node:internal/modules/cjs/loader:1061:19)
    at resolveForCJSWithHooks (node:internal/modules/cjs/loader:1066:22)
    at Function._load (node:internal/modules/cjs/loader:1215:37)
    at TracingChannel.traceSync (node:diagnostics_channel:322:14)
    at wrapModuleLoad (node:internal/modules/cjs/loader:235:24)
    at Module.require (node:internal/modules/cjs/loader:1491:12)
    at require (node:internal/modules/helpers:135:16)
    at Object.<anonymous> (/Users/anurag/Downloads/codestream/backend/routes/auth/2fa.js:7:19)
    at Module._compile (node:internal/modules/cjs/loader:1734:14)
